BUILD: Examining d:\openxp\inetsrv\uddi\source\version directory for files to compile.
Compiling d:\openxp\inetsrv\uddi\source\version directory ********************
'nmake.exe /c BUILDMSG=Stop. -i NTTEST= UMTEST= NOLINK=1 386=1'
1>BUILDMSG: Processing d:\openxp\inetsrv\uddi\source\version
Elapsed time [0:00:00.000] ********************
1>cl -nologo -Ii386\ -I. -I\OpenXP\nt\public\sdk\inc\mfc42 -I\OpenXP\public\sdk\inc\atl30 -Iobj\i386 -ID:\OpenXP\InetSrv\inc -ID:\OpenXP\InetSrv\inc\obj\i386 -ID:\OpenXP\public\internal\InetSrv\inc -ID:\OpenXP\public\oak\inc -ID:\OpenXP\public\sdk\inc -ID:\OpenXP\public\sdk\inc\crt -D_X86_=1 -Di386=1  -DSTD_CALL -DCONDITION_HANDLING=1 -DNT_UP=1  -DNT_INST=0 -DWIN32=100 -D_NT1X_=100 -DWINNT=1 -D_WIN32_WINNT=0x0502 /DWINVER=0x0502 -D_WIN32_IE=0x0600    -DWIN32_LEAN_AND_MEAN=1 -DDEVL=1 -DDBG=1 -D__BUILDDATE__=260111-1250 -D__BUILDMACHINE__=mxb1_tech_demo("ntvbl06") -DFPO=0  -DNDEBUG  /DWIN32 /D_WINDOWS /D_USRDLL /D_UNICODE /DUNICODE /DUSE_NTVERP     /c /Zel /Zp8 /Gy /Gi- /Gm-  /W3 /WX /WX /Gz  /QIfdiv- /QIf /G6 /GX-  /GR- /GF /GS -Z7 /Oxs  /Oy- -Z7   -FID:\OpenXP\public\sdk\inc\warning.h     .\version.cpp 
1>version.cpp
1>
1>Stop.
Linking d:\openxp\inetsrv\uddi\source\version directory ********************
'nmake.exe /c BUILDMSG=Stop. -i LINKONLY=1 NOPASS0=1 NTTEST= UMTEST= 386=1'
1>	link -out:obj\i386\version.exe -machine:ix86 @C:\Users\ntvbl06\AppData\Local\Temp\nm164C.tmp
1>Microsoft (R) Incremental Linker Version 7.10.2179
1>Copyright (C) Microsoft Corporation.  All rights reserved.
1>
1>-MERGE:_PAGE=PAGE 
1>-MERGE:_TEXT=.text 
1>-SECTION:INIT,d 
1>-OPT:REF 
1>-OPT:ICF 
1>-IGNORE:4010,4037,4039,4065,4070,4078,4087,4089,4221,4198 
1>-INCREMENTAL:NO 
1>-FULLBUILD 
1>/release 
1>-NODEFAULTLIB 
1>/WX 
1>-debug:FULL 
1>-debugtype:cv 
1>-version:5.2 
1>-osversion:5.2 
1>-debug:full 
1>-debugtype:cv,fixup 
1>/opt:nowin98 
1>-PDBPATH:NONE 
1>-merge:.rdata=.text 
1>-STACK:0x40000,0x2000 
1>/tsaware 
1>-subsystem:console,4.00 
1>-base:@D:\OpenXP\Tools\coffbase.txt,usermode 
1>-entry:mainCRTStartup 
1>obj\i386\version.obj 
1>D:\OpenXP\public\sdk\lib\i386\BufferOverflowU.lib 
1>D:\OpenXP\public\sdk\lib\i386\kernel32.lib 
1>D:\OpenXP\public\sdk\lib\i386\libc.lib 
1>D:\OpenXP\public\sdk\lib\i386\advapi32.lib 
1>D:\OpenXP\public\sdk\lib\i386\kernel32.lib 
1>D:\OpenXP\public\sdk\lib\i386\advapi32.lib 
1>D:\OpenXP\public\sdk\lib\i386\comctl32.lib 
1>D:\OpenXP\public\sdk\lib\i386\comdlg32.lib 
1>D:\OpenXP\public\sdk\lib\i386\comsvcs.lib 
1>D:\OpenXP\public\sdk\lib\i386\kernel32.lib 
1>D:\OpenXP\public\sdk\lib\i386\shell32.lib 
1>D:\OpenXP\public\sdk\lib\i386\shlwapi.lib 
1>D:\OpenXP\public\sdk\lib\i386\Secur32.lib 
1>D:\OpenXP\public\sdk\lib\i386\user32.lib 
1>	compact /c /q obj\i386\version.pdb
1>
1> Compressing files in D:\OpenXP\inetsrv\uddi\source\version\obj\i386\
1>
1>
1>1 files within 1 directories were compressed.
1>199,680 total bytes of data are stored in 94,208 bytes.
1>The compression ratio is 2.1 to 1.
1>	echo.
1>
1>	( echo. )
1> 
1>
1>Stop.
Elapsed time [0:00:02.953] ********************
Executing post build scripts  ********************
Checkout Public Changes
'D:\OpenXP\tools\edit_public.cmd '
1>Source Depot client error:
1>	See http://sourcedepot for documentation on Source Depot.
1>	No server or port specified; check $SDPORT.
1>        1 file(s) moved.
1>BUILDMSG: Error attempting to publish files
1>BUILDMSG: Source Depot client error:
1>Source Depot client error:
1>	See http://sourcedepot for documentation on Source Depot.
1>	No server or port specified; check $SDPORT.
1>exit: 1
