BUILD: Examining d:\openxp\inetsrv\uddi\source\tools\replicationadmin directory for files to compile.
Compiling d:\openxp\inetsrv\uddi\source\tools\replicationadmin directory ********************
'nmake.exe /c BUILDMSG=Stop. -i NTTEST= UMTEST= NOLINK=1 386=1'
1>BUILDMSG: Processing d:\openxp\inetsrv\uddi\source\tools\replicationadmin
Elapsed time [0:00:00.015] ********************
1>BUILD: D:\OpenXP\tools\genbasemac.pl obj\i386 replicationadmin D:\OpenXP\Tools\coffbase.txt
1>genbasemac: module replicationadmin not found in D:\OpenXP\Tools\coffbase.txt
1>	..\..\version\obj\i386\version.exe -outfile .\assemblyversioninfo.cs
1>
1>Stop.
Linking d:\openxp\inetsrv\uddi\source\tools\replicationadmin directory ********************
'nmake.exe /c BUILDMSG=Stop. -i LINKONLY=1 NOPASS0=1 NTTEST= UMTEST= 386=1'
1>BUILD: D:\OpenXP\tools\genbasemac.pl obj\i386 replicationadmin D:\OpenXP\Tools\coffbase.txt
1>genbasemac: module replicationadmin not found in D:\OpenXP\Tools\coffbase.txt
1>	..\..\version\obj\i386\version.exe -outfile .\assemblyversioninfo.cs
1>csc.exe -nologo  /r:Accessibility.dll  /r:Microsoft.Vsa.dll  /r:System.Configuration.Install.dll  /r:System.Data.dll  /r:System.Design.dll  /r:System.DirectoryServices.dll  /r:System.dll  /r:System.Drawing.Design.dll  /r:System.Drawing.dll  /r:System.EnterpriseServices.dll  /r:System.Management.dll  /r:System.Messaging.dll  /r:System.Runtime.Remoting.dll  /r:System.Runtime.Serialization.Formatters.Soap.dll  /r:System.Security.dll  /r:System.ServiceProcess.dll  /r:System.Web.dll  /r:System.Web.RegularExpressions.dll  /r:System.Web.Services.dll  /r:System.Windows.Forms.Dll  /r:System.XML.dll  /target:exe  /out:obj\i386\replicationadmin.exe  /baseaddress:0x400000  /debug:full /define:DEBUG /warnaserror+ /unsafe-   /r:system.dll,system.data.dll,system.drawing.dll,system.windows.forms.dll,system.xml.dll,..\..\api\obj\I386\uddi.api.dll,..\..\core\obj\I386\uddi.core.dll,..\..\operator\obj\I386\uddi.operator.dll    assemblyinfo.cs  assemblyversioninfo.cs  adminframe.cs  changelogcontrol.cs  correctionadmin.cs 
1>binplace D:\OpenXP\inetsrv\uddi\source\tools\replicationadmin\obj\i386\replicationadmin.exe
1>	( echo. )
1> 
1>
1>Stop.
Elapsed time [0:00:01.656] ********************
Executing post build scripts  ********************
Checkout Public Changes
'D:\OpenXP\tools\edit_public.cmd '
