1>core\. : error CS1577: Assembly generation failed -- Unspecified error 
1>core\binplace : error BNP0000: Unable to place file obj\i386\uddi.core.dll - exiting.
1>api\. : error CS0006: Metadata file '..\core\obj\i386\uddi.core.dll' could not be found
1>api\binplace : error BNP0000: Unable to place file obj\i386\uddi.api.dll - exiting.
1>web\. : error CS0006: Metadata file '..\core\obj\I386\uddi.core.dll' could not be found
1>web\. : error CS0006: Metadata file '..\api\obj\I386\uddi.api.dll' could not be found
1>web\binplace : error BNP0000: Unable to place file obj\i386\uddi.web.dll - exiting.
1>addwebreference\. : error CS0006: Metadata file '..\core\obj\I386\uddi.core.dll' could not be found
1>addwebreference\. : error CS0006: Metadata file '..\web\obj\I386\uddi.web.dll' could not be found
1>addwebreference\. : error CS0006: Metadata file '..\api\obj\I386\uddi.api.dll' could not be found
1>addwebreference\binplace : error BNP0000: Unable to place file obj\i386\uddi.addwebreference.dll - exiting.
1>operator\. : error CS0006: Metadata file '..\core\obj\I386\uddi.core.dll' could not be found
1>operator\. : error CS0006: Metadata file '..\api\obj\I386\uddi.api.dll' could not be found
1>operator\binplace : error BNP0000: Unable to place file obj\i386\uddi.operator.dll - exiting.
1>replicate\. : error CS0006: Metadata file '..\core\obj\I386\uddi.core.dll' could not be found
1>replicate\. : error CS0006: Metadata file '..\operator\obj\I386\uddi.operator.dll' could not be found
1>replicate\binplace : error BNP0000: Unable to place file obj\i386\replicate.exe - exiting.
1>tools\rcf\. : error CS0006: Metadata file '..\..\core\obj\I386\uddi.core.dll' could not be found
1>tools\rcf\. : error CS0006: Metadata file '..\..\operator\obj\I386\uddi.operator.dll' could not be found
1>tools\rcf\binplace : error BNP0000: Unable to place file obj\i386\rcf.exe - exiting.
1>tools\monitor\. : error CS0006: Metadata file '..\..\core\obj\I386\uddi.core.dll' could not be found
1>tools\monitor\. : error CS0006: Metadata file '..\..\operator\obj\I386\uddi.operator.dll' could not be found
1>tools\monitor\binplace : error BNP0000: Unable to place file obj\i386\monitor.exe - exiting.
1>tools\send\. : error CS0006: Metadata file '..\..\core\obj\I386\uddi.core.dll' could not be found
1>tools\send\. : error CS0006: Metadata file '..\..\api\obj\I386\uddi.api.dll' could not be found
1>tools\send\binplace : error BNP0000: Unable to place file obj\i386\send.exe - exiting.
1>tools\resetkey\. : error CS0006: Metadata file '..\..\core\obj\I386\uddi.core.dll' could not be found
1>tools\resetkey\binplace : error BNP0000: Unable to place file obj\i386\resetkey.exe - exiting.
1>tools\validate\. : error CS0006: Metadata file '..\..\core\obj\I386\uddi.core.dll' could not be found
1>tools\validate\binplace : error BNP0000: Unable to place file obj\i386\validate.exe - exiting.
1>tools\bootstrap\. : error CS0006: Metadata file '..\..\core\obj\I386\uddi.core.dll' could not be found
1>tools\bootstrap\. : error CS0006: Metadata file '..\..\api\obj\I386\uddi.api.dll' could not be found
1>tools\bootstrap\binplace : error BNP0000: Unable to place file obj\i386\Bootstrap.exe - exiting.
1>tools\migrate\. : error CS0006: Metadata file '..\..\core\obj\I386\uddi.core.dll' could not be found
1>tools\migrate\. : error CS0006: Metadata file '..\..\api\obj\I386\uddi.api.dll' could not be found
1>tools\migrate\binplace : error BNP0000: Unable to place file obj\i386\migrate.exe - exiting.
1>tools\replicationadmin\. : error CS0006: Metadata file '..\..\api\obj\I386\uddi.api.dll' could not be found
1>tools\replicationadmin\. : error CS0006: Metadata file '..\..\core\obj\I386\uddi.core.dll' could not be found
1>tools\replicationadmin\. : error CS0006: Metadata file '..\..\operator\obj\I386\uddi.operator.dll' could not be found
1>tools\replicationadmin\binplace : error BNP0000: Unable to place file obj\i386\replicationadmin.exe - exiting.
1>tools\recalcstats\. : error CS0006: Metadata file '..\..\core\obj\I386\uddi.core.dll' could not be found
1>tools\recalcstats\binplace : error BNP0000: Unable to place file obj\i386\recalcstats.exe - exiting.
1>setup\web\ca\. : error CS0006: Metadata file '..\..\..\api\obj\I386\uddi.api.dll' could not be found
1>setup\web\ca\. : error CS0006: Metadata file '..\..\..\core\obj\I386\uddi.core.dll' could not be found
1>setup\web\ca\binplace : error BNP0000: Unable to place file obj\i386\webca.dll - exiting.
1>setup\db\ca\. : error CS0006: Metadata file '..\..\..\api\obj\I386\uddi.api.dll' could not be found
1>setup\db\ca\. : error CS0006: Metadata file '..\..\..\core\obj\I386\uddi.core.dll' could not be found
1>setup\db\ca\binplace : error BNP0000: Unable to place file obj\i386\dbca.dll - exiting.
