BUILD: Examining d:\openxp\inetsrv\uddi\source\web directory for files to compile.
Compiling d:\openxp\inetsrv\uddi\source\web directory ********************
'nmake.exe /c BUILDMSG=Stop. -i NTTEST= UMTEST= NOLINK=1 386=1'
1>BUILDMSG: Processing d:\openxp\inetsrv\uddi\source\web
Elapsed time [0:00:00.015] ********************
1>BUILD: D:\OpenXP\tools\genbasemac.pl obj\i386 uddi.web D:\OpenXP\Tools\coffbase.txt
1>genbasemac: module uddi.web not found in D:\OpenXP\Tools\coffbase.txt
1>	..\version\obj\i386\version.exe -outfile .\assemblyversioninfo.cs
1>
1>Stop.
Linking d:\openxp\inetsrv\uddi\source\web directory ********************
'nmake.exe /c BUILDMSG=Stop. -i LINKONLY=1 NOPASS0=1 NTTEST= UMTEST= MAKEDLL=1 386=1'
1>BUILD: D:\OpenXP\tools\genbasemac.pl obj\i386 uddi.web D:\OpenXP\Tools\coffbase.txt
1>genbasemac: module uddi.web not found in D:\OpenXP\Tools\coffbase.txt
1>	..\version\obj\i386\version.exe -outfile .\assemblyversioninfo.cs
1>	csc.exe -nologo  /r:Accessibility.dll  /r:Microsoft.Vsa.dll  /r:System.Configuration.Install.dll  /r:System.Data.dll  /r:System.Design.dll  /r:System.DirectoryServices.dll  /r:System.dll  /r:System.Drawing.Design.dll  /r:System.Drawing.dll  /r:System.EnterpriseServices.dll  /r:System.Management.dll  /r:System.Messaging.dll  /r:System.Runtime.Remoting.dll  /r:System.Runtime.Serialization.Formatters.Soap.dll  /r:System.Security.dll  /r:System.ServiceProcess.dll  /r:System.Web.dll  /r:System.Web.RegularExpressions.dll  /r:System.Web.Services.dll  /r:System.Windows.Forms.Dll  /r:System.XML.dll  /target:library  /out:obj\i386\uddi.web.dll  /baseaddress:0x400000  /debug:full /define:DEBUG /warnaserror+ /unsafe-   /r:system.dll,system.data.dll,system.web.dll,system.web.services.dll,system.xml.dll,..\core\obj\I386\uddi.core.dll,..\api\obj\I386\uddi.api.dll     address.cs       assemblyinfo.cs      assemblyversioninfo.cs  base.cs          bindings.cs          box.cs           breadcrumb.cs        businesses.cs        cache.cs         categorybag.cs       clientscripts.cs     contacts.cs          contextmenu.cs       description.cs       discoveryurl.cs      editcontrol.cs       email.cs         explorer.cs          format.cs        header.cs        helpcontrol.cs       identifierbag.cs     instanceinfos.cs     localization.cs      lookup.cs        name.cs          owner.cs         phone.cs         publisher.cs         security.cs          selection.cs         services.cs          sidenav.cs       statistics.cs        tab.cs           taxonomy.cs          tmodelbag.cs         tmodels.cs       tree.cs          categorybrowser.cs   taxonomytree.cs      menu.cs      validators.cs 
1>binplace D:\OpenXP\inetsrv\uddi\source\web\obj\i386\uddi.web.dll
1>binplace D:\OpenXP\inetsrv\uddi\source\web\obj\i386\uddi.web.dll
1>	( echo. )
1> 
1>
1>Stop.
Elapsed time [0:00:01.390] ********************
Executing post build scripts  ********************
Checkout Public Changes
'D:\OpenXP\tools\edit_public.cmd '
